# JRE version: Java(TM) SE Runtime Environment (14.0+36) (build 14+36-1461)
# Java VM: Java HotSpot(TM) 64-Bit Server VM (14+36-1461, mixed mode, sharing, tiered, compressed oops, g1 gc, windows-amd64)
Heap:
 garbage-first heap   total 509952K, used 173636K [0x0000000760c00000, 0x0000000800000000)
  region size 1024K, 10 young (10240K), 4 survivors (4096K)
 Metaspace       used 15336K, capacity 16062K, committed 16128K, reserved 1062912K
  class space    used 2253K, capacity 2514K, committed 2560K, reserved 1048576K
GC Heap History (20 events):
Event: 1.542 GC heap before
{Heap before GC invocations=9 (full 0):
 garbage-first heap   total 163840K, used 93811K [0x0000000760c00000, 0x0000000800000000)
  region size 1024K, 4 young (4096K), 3 survivors (3072K)
 Metaspace       used 9673K, capacity 10765K, committed 11008K, reserved 1058816K
  class space    used 1265K, capacity 1424K, committed 1536K, reserved 1048576K
}
Event: 1.545 GC heap after
{Heap after GC invocations=10 (full 0):
 garbage-first heap   total 163840K, used 91764K [0x0000000760c00000, 0x0000000800000000)
  region size 1024K, 3 young (3072K), 3 survivors (3072K)
 Metaspace       used 9673K, capacity 10765K, committed 11008K, reserved 1058816K
  class space    used 1265K, capacity 1424K, committed 1536K, reserved 1048576K
}
Event: 1.557 GC heap before
{Heap before GC invocations=11 (full 0):
 garbage-first heap   total 171008K, used 99956K [0x0000000760c00000, 0x0000000800000000)
  region size 1024K, 4 young (4096K), 3 survivors (3072K)
 Metaspace       used 9673K, capacity 10765K, committed 11008K, reserved 1058816K
  class space    used 1265K, capacity 1424K, committed 1536K, reserved 1048576K
}
Event: 1.560 GC heap after
{Heap after GC invocations=12 (full 0):
 garbage-first heap   total 171008K, used 97910K [0x0000000760c00000, 0x0000000800000000)
  region size 1024K, 3 young (3072K), 3 survivors (3072K)
 Metaspace       used 9673K, capacity 10765K, committed 11008K, reserved 1058816K
  class space    used 1265K, capacity 1424K, committed 1536K, reserved 1048576K
}
Event: 1.572 GC heap before
{Heap before GC invocations=13 (full 0):
 garbage-first heap   total 181248K, used 106102K [0x0000000760c00000, 0x0000000800000000)
  region size 1024K, 4 young (4096K), 3 survivors (3072K)
 Metaspace       used 9673K, capacity 10765K, committed 11008K, reserved 1058816K
  class space    used 1265K, capacity 1424K, committed 1536K, reserved 1048576K
}
Event: 1.575 GC heap after
{Heap after GC invocations=14 (full 0):
 garbage-first heap   total 181248K, used 104129K [0x0000000760c00000, 0x0000000800000000)
  region size 1024K, 3 young (3072K), 3 survivors (3072K)
 Metaspace       used 9673K, capacity 10765K, committed 11008K, reserved 1058816K
  class space    used 1265K, capacity 1424K, committed 1536K, reserved 1048576K
}
Event: 1.586 GC heap before
{Heap before GC invocations=15 (full 0):
 garbage-first heap   total 191488K, used 112321K [0x0000000760c00000, 0x0000000800000000)
  region size 1024K, 4 young (4096K), 3 survivors (3072K)
 Metaspace       used 9673K, capacity 10765K, committed 11008K, reserved 1058816K
  class space    used 1265K, capacity 1424K, committed 1536K, reserved 1048576K
}
Event: 1.589 GC heap after
{Heap after GC invocations=16 (full 0):
 garbage-first heap   total 191488K, used 110198K [0x0000000760c00000, 0x0000000800000000)
  region size 1024K, 3 young (3072K), 3 survivors (3072K)
 Metaspace       used 9673K, capacity 10765K, committed 11008K, reserved 1058816K
  class space    used 1265K, capacity 1424K, committed 1536K, reserved 1048576K
}
Event: 1.600 GC heap before
{Heap before GC invocations=17 (full 0):
 garbage-first heap   total 201728K, used 118390K [0x0000000760c00000, 0x0000000800000000)
  region size 1024K, 4 young (4096K), 3 survivors (3072K)
 Metaspace       used 9673K, capacity 10765K, committed 11008K, reserved 1058816K
  class space    used 1265K, capacity 1424K, committed 1536K, reserved 1048576K
}
Event: 1.603 GC heap after
{Heap after GC invocations=18 (full 0):
 garbage-first heap   total 201728K, used 116341K [0x0000000760c00000, 0x0000000800000000)
  region size 1024K, 3 young (3072K), 3 survivors (3072K)
 Metaspace       used 9673K, capacity 10765K, committed 11008K, reserved 1058816K
  class space    used 1265K, capacity 1424K, committed 1536K, reserved 1048576K
}
Event: 1.614 GC heap before
{Heap before GC invocations=19 (full 0):
 garbage-first heap   total 211968K, used 124533K [0x0000000760c00000, 0x0000000800000000)
  region size 1024K, 4 young (4096K), 3 survivors (3072K)
 Metaspace       used 9673K, capacity 10765K, committed 11008K, reserved 1058816K
  class space    used 1265K, capacity 1424K, committed 1536K, reserved 1048576K
}
Event: 1.617 GC heap after
{Heap after GC invocations=20 (full 0):
 garbage-first heap   total 254976K, used 122486K [0x0000000760c00000, 0x0000000800000000)
  region size 1024K, 3 young (3072K), 3 survivors (3072K)
 Metaspace       used 9673K, capacity 10765K, committed 11008K, reserved 1058816K
  class space    used 1265K, capacity 1424K, committed 1536K, reserved 1048576K
}
Event: 1.628 GC heap before
{Heap before GC invocations=21 (full 0):
 garbage-first heap   total 254976K, used 130678K [0x0000000760c00000, 0x0000000800000000)
  region size 1024K, 4 young (4096K), 3 survivors (3072K)
 Metaspace       used 9673K, capacity 10765K, committed 11008K, reserved 1058816K
  class space    used 1265K, capacity 1424K, committed 1536K, reserved 1048576K
}
Event: 1.631 GC heap after
{Heap after GC invocations=22 (full 0):
 garbage-first heap   total 254976K, used 128554K [0x0000000760c00000, 0x0000000800000000)
  region size 1024K, 3 young (3072K), 3 survivors (3072K)
 Metaspace       used 9673K, capacity 10765K, committed 11008K, reserved 1058816K
  class space    used 1265K, capacity 1424K, committed 1536K, reserved 1048576K
}
Event: 1.641 GC heap before
{Heap before GC invocations=23 (full 0):
 garbage-first heap   total 254976K, used 136746K [0x0000000760c00000, 0x0000000800000000)
  region size 1024K, 4 young (4096K), 3 survivors (3072K)
 Metaspace       used 9673K, capacity 10765K, committed 11008K, reserved 1058816K
  class space    used 1265K, capacity 1424K, committed 1536K, reserved 1048576K
}
Event: 1.644 GC heap after
{Heap after GC invocations=24 (full 0):
 garbage-first heap   total 254976K, used 134698K [0x0000000760c00000, 0x0000000800000000)
  region size 1024K, 3 young (3072K), 3 survivors (3072K)
 Metaspace       used 9673K, capacity 10765K, committed 11008K, reserved 1058816K
  class space    used 1265K, capacity 1424K, committed 1536K, reserved 1048576K
}
Event: 1.911 GC heap before
{Heap before GC invocations=25 (full 0):
 garbage-first heap   total 254976K, used 144938K [0x0000000760c00000, 0x0000000800000000)
  region size 1024K, 8 young (8192K), 3 survivors (3072K)
 Metaspace       used 10820K, capacity 11866K, committed 12032K, reserved 1058816K
  class space    used 1500K, capacity 1676K, committed 1792K, reserved 1048576K
}
Event: 1.914 GC heap after
{Heap after GC invocations=26 (full 0):
 garbage-first heap   total 254976K, used 133033K [0x0000000760c00000, 0x0000000800000000)
  region size 1024K, 3 young (3072K), 3 survivors (3072K)
 Metaspace       used 10820K, capacity 11866K, committed 12032K, reserved 1058816K
  class space    used 1500K, capacity 1676K, committed 1792K, reserved 1048576K
}
Event: 2.295 GC heap before
{Heap before GC invocations=27 (full 0):
 garbage-first heap   total 254976K, used 160681K [0x0000000760c00000, 0x0000000800000000)
  region size 1024K, 15 young (15360K), 3 survivors (3072K)
 Metaspace       used 13905K, capacity 14803K, committed 14976K, reserved 1062912K
  class space    used 2090K, capacity 2343K, committed 2432K, reserved 1048576K
}
Event: 2.301 GC heap after
{Heap after GC invocations=28 (full 0):
 garbage-first heap   total 509952K, used 150084K [0x0000000760c00000, 0x0000000800000000)
  region size 1024K, 4 young (4096K), 4 survivors (4096K)
 Metaspace       used 13905K, capacity 14803K, committed 14976K, reserved 1062912K
  class space    used 2090K, capacity 2343K, committed 2432K, reserved 1048576K
}

